MyFirstApp/app/build/intermediates/manifest_merge_blame_file/debug/manifest-merger-blame-debug-report.txt
1<?xml version="1.0" encoding="utf-8"?>
2<manifest xmlns:android="http://schemas.android.com/apk/res/android"
3    package="org.feup.luis.myfirstapp"
4    android:versionCode="1"
5    android:versionName="1.0" >
6
7    <uses-sdk
8        android:minSdkVersion="21"
8-->src\main\AndroidManifest.xml
9        android:targetSdkVersion="30" />
9-->src\main\AndroidManifest.xml
10
11    <application
11-->src\main\AndroidManifest.xml:5:5-22:19
12        android:allowBackup="true"
12-->src\main\AndroidManifest.xml:6:9-35
13        android:appComponentFactory="androidx.core.app.CoreComponentFactory"
13-->[androidx.core:core:1.3.1] AndroidManifest.xml:24:18-86
14        android:debuggable="true"
15        android:exported="true"
15-->src\main\AndroidManifest.xml:7:9-32
16        android:icon="@mipmap/ic_launcher"
16-->src\main\AndroidManifest.xml:8:9-43
17        android:label="@string/app_name"
17-->src\main\AndroidManifest.xml:9:9-41
18        android:roundIcon="@mipmap/ic_launcher_round"
18-->src\main\AndroidManifest.xml:10:9-54
19        android:supportsRtl="true"
19-->src\main\AndroidManifest.xml:11:9-35
20        android:testOnly="true"
21        android:theme="@style/AppTheme" >
21-->src\main\AndroidManifest.xml:12:9-40
22        <activity
22-->src\main\AndroidManifest.xml:13:9-16:20
23            android:name="org.feup.luis.myfirstapp.SecondActivity"
23-->src\main\AndroidManifest.xml:14:13-43
24            android:parentActivityName="org.feup.luis.myfirstapp.FirstActivity" >
24-->src\main\AndroidManifest.xml:15:13-56
25        </activity>
26        <activity android:name="org.feup.luis.myfirstapp.FirstActivity" >
26-->src\main\AndroidManifest.xml:17:9-21:20
26-->src\main\AndroidManifest.xml:17:19-48
27            <intent-filter>
27-->src\main\AndroidManifest.xml:18:13-20:29
28                <action android:name="android.intent.action.MAIN" />
28-->src\main\AndroidManifest.xml:19:17-69
28-->src\main\AndroidManifest.xml:19:25-66
29            </intent-filter>
30        </activity>
31    </application>
32
33</manifest>